#-----------------------------------------------------------
# Vivado v2018.2 (64-bit)
# SW Build 2258646 on Thu Jun 14 20:03:12 MDT 2018
# IP Build 2256618 on Thu Jun 14 22:10:49 MDT 2018
# Start of session at: Tue Mar 12 21:50:04 2019
# Process ID: 6300
# Current directory: C:/Users/User/Desktop/MultiCycle
# Command line: vivado.exe -gui_launcher_event rodinguilauncherevent18848 C:\Users\User\Desktop\MultiCycle\MultiCycle.xpr
# Log file: C:/Users/User/Desktop/MultiCycle/vivado.log
# Journal file: C:/Users/User/Desktop/MultiCycle\vivado.jou
#-----------------------------------------------------------
start_gui
open_project C:/Users/User/Desktop/MultiCycle/MultiCycle.xpr
Scanning sources...
Finished scanning sources
INFO: [IP_Flow 19-234] Refreshing IP repositories
INFO: [IP_Flow 19-1704] No user IP repositories specified
INFO: [IP_Flow 19-2313] Loaded Vivado IP repository 'D:/Xilinx/Vivado/2018.2/data/ip'.
open_project: Time (s): cpu = 00:00:19 ; elapsed = 00:00:14 . Memory (MB): peak = 756.953 ; gain = 78.875
update_compile_order -fileset sources_1
exit
INFO: [Common 17-206] Exiting Vivado at Tue Mar 12 21:54:22 2019...
