#-----------------------------------------------------------
# Vivado v2018.2 (64-bit)
# SW Build 2258646 on Thu Jun 14 20:03:12 MDT 2018
# IP Build 2256618 on Thu Jun 14 22:10:49 MDT 2018
# Start of session at: Tue Mar 19 14:01:40 2019
# Process ID: 14692
# Current directory: C:/Users/User/Desktop/MultiCycle
# Command line: vivado.exe -gui_launcher_event rodinguilauncherevent7336 C:\Users\User\Desktop\MultiCycle\MultiCycle.xpr
# Log file: C:/Users/User/Desktop/MultiCycle/vivado.log
# Journal file: C:/Users/User/Desktop/MultiCycle\vivado.jou
#-----------------------------------------------------------
start_gui
open_project C:/Users/User/Desktop/MultiCycle/MultiCycle.xpr
Scanning sources...
Finished scanning sources
WARNING: [Project 1-509] GeneratedRun file for 'synth_1' not found
WARNING: [Project 1-509] GeneratedRun file for 'impl_1' not found
INFO: [IP_Flow 19-234] Refreshing IP repositories
INFO: [IP_Flow 19-1704] No user IP repositories specified
INFO: [IP_Flow 19-2313] Loaded Vivado IP repository 'D:/Xilinx/Vivado/2018.2/data/ip'.
open_project: Time (s): cpu = 00:00:18 ; elapsed = 00:00:13 . Memory (MB): peak = 746.410 ; gain = 91.461
update_compile_order -fileset sources_1
launch_simulation
INFO: [Vivado 12-5682] Launching behavioral simulation in 'C:/Users/User/Desktop/MultiCycle/MultiCycle.sim/sim_1/behav/xsim'
INFO: [SIM-utils-51] Simulation object is 'sim_1'
INFO: [SIM-utils-54] Inspecting design source files for 'tb_multi' in fileset 'sim_1'...
INFO: [SIM-utils-43] Exported 'C:/Users/User/Desktop/MultiCycle/MultiCycle.sim/sim_1/behav/xsim/Memory.mem'
INFO: [USF-XSim-97] Finding global include files...
INFO: [USF-XSim-98] Fetching design files from 'sim_1'...
INFO: [USF-XSim-2] XSim::Compile design
INFO: [USF-XSim-61] Executing 'COMPILE and ANALYZE' step in 'C:/Users/User/Desktop/MultiCycle/MultiCycle.sim/sim_1/behav/xsim'
"xvlog --incr --relax -prj tb_multi_vlog.prj"
INFO: [USF-XSim-69] 'compile' step finished in '2' seconds
INFO: [USF-XSim-3] XSim::Elaborate design
INFO: [USF-XSim-61] Executing 'ELABORATE' step in 'C:/Users/User/Desktop/MultiCycle/MultiCycle.sim/sim_1/behav/xsim'
Vivado Simulator 2018.2
Copyright 1986-1999, 2001-2018 Xilinx, Inc. All Rights Reserved.
Running: D:/Xilinx/Vivado/2018.2/bin/unwrapped/win64.o/xelab.exe -wto d80af520c97141d2b70926d9ccb12851 --incr --debug typical --relax --mt 2 -L xil_defaultlib -L unisims_ver -L unimacro_ver -L secureip --snapshot tb_multi_behav xil_defaultlib.tb_multi xil_defaultlib.glbl -log elaborate.log 
Using 2 slave threads.
Starting static elaboration
Completed static elaboration
INFO: [XSIM 43-4323] No Change in HDL. Linking previously generated obj files to create kernel
INFO: [USF-XSim-69] 'elaborate' step finished in '4' seconds
INFO: [USF-XSim-4] XSim::Simulate design
INFO: [USF-XSim-61] Executing 'SIMULATE' step in 'C:/Users/User/Desktop/MultiCycle/MultiCycle.sim/sim_1/behav/xsim'
INFO: [USF-XSim-98] *** Running xsim
   with args "tb_multi_behav -key {Behavioral:sim_1:Functional:tb_multi} -tclbatch {tb_multi.tcl} -log {simulate.log}"
INFO: [USF-XSim-8] Loading simulator feature
Vivado Simulator 2018.2
Time resolution is 1 ps
source tb_multi.tcl
# set curr_wave [current_wave_config]
# if { [string length $curr_wave] == 0 } {
#   if { [llength [get_objects]] > 0} {
#     add_wave /
#     set_property needs_save false [current_wave_config]
#   } else {
#      send_msg_id Add_Wave-1 WARNING "No top level signals found. Simulator will start without a wave window. If you want to open a wave window go to 'File->New Waveform Configuration' or type 'create_wave_config' in the TCL console."
#   }
# }
# run 10000ns
INFO: [USF-XSim-96] XSim completed. Design snapshot 'tb_multi_behav' loaded.
INFO: [USF-XSim-97] XSim simulation ran for 10000ns
launch_simulation: Time (s): cpu = 00:00:11 ; elapsed = 00:00:12 . Memory (MB): peak = 790.664 ; gain = 40.039
relaunch_sim
suspend_sim: Time (s): cpu = 00:00:01 ; elapsed = 00:00:05 . Memory (MB): peak = 790.664 ; gain = 0.000
INFO: [Vivado 12-5682] Launching behavioral simulation in 'C:/Users/User/Desktop/MultiCycle/MultiCycle.sim/sim_1/behav/xsim'
INFO: [SIM-utils-51] Simulation object is 'sim_1'
INFO: [SIM-utils-54] Inspecting design source files for 'tb_multi' in fileset 'sim_1'...
INFO: [SIM-utils-43] Exported 'C:/Users/User/Desktop/MultiCycle/MultiCycle.sim/sim_1/behav/xsim/Memory.mem'
INFO: [USF-XSim-97] Finding global include files...
INFO: [USF-XSim-98] Fetching design files from 'sim_1'...
INFO: [USF-XSim-2] XSim::Compile design
INFO: [USF-XSim-61] Executing 'COMPILE and ANALYZE' step in 'C:/Users/User/Desktop/MultiCycle/MultiCycle.sim/sim_1/behav/xsim'
"xvlog --incr --relax -prj tb_multi_vlog.prj"
INFO: [USF-XSim-69] 'compile' step finished in '2' seconds
INFO: [Vivado 12-5682] Launching behavioral simulation in 'C:/Users/User/Desktop/MultiCycle/MultiCycle.sim/sim_1/behav/xsim'
INFO: [USF-XSim-3] XSim::Elaborate design
INFO: [USF-XSim-61] Executing 'ELABORATE' step in 'C:/Users/User/Desktop/MultiCycle/MultiCycle.sim/sim_1/behav/xsim'
Vivado Simulator 2018.2
Copyright 1986-1999, 2001-2018 Xilinx, Inc. All Rights Reserved.
Running: D:/Xilinx/Vivado/2018.2/bin/unwrapped/win64.o/xelab.exe -wto d80af520c97141d2b70926d9ccb12851 --incr --debug typical --relax --mt 2 -L xil_defaultlib -L unisims_ver -L unimacro_ver -L secureip --snapshot tb_multi_behav xil_defaultlib.tb_multi xil_defaultlib.glbl -log elaborate.log 
Using 2 slave threads.
Starting static elaboration
Completed static elaboration
INFO: [XSIM 43-4323] No Change in HDL. Linking previously generated obj files to create kernel
INFO: [USF-XSim-69] 'elaborate' step finished in '3' seconds
Vivado Simulator 2018.2
Time resolution is 1 ps
relaunch_sim: Time (s): cpu = 00:00:05 ; elapsed = 00:00:12 . Memory (MB): peak = 790.664 ; gain = 0.000
close_sim
INFO: [Simtcl 6-16] Simulation closed
exit
INFO: [Common 17-206] Exiting Vivado at Tue Mar 19 14:31:47 2019...
