#-----------------------------------------------------------
# Vivado v2018.2 (64-bit)
# SW Build 2258646 on Thu Jun 14 20:03:12 MDT 2018
# IP Build 2256618 on Thu Jun 14 22:10:49 MDT 2018
# Start of session at: Sun Mar 17 15:44:51 2019
# Process ID: 7260
# Current directory: C:/Users/User/Desktop/MultiCycle
# Command line: vivado.exe -gui_launcher_event rodinguilauncherevent6240 C:\Users\User\Desktop\MultiCycle\MultiCycle.xpr
# Log file: C:/Users/User/Desktop/MultiCycle/vivado.log
# Journal file: C:/Users/User/Desktop/MultiCycle\vivado.jou
#-----------------------------------------------------------
start_gui
open_project C:/Users/User/Desktop/MultiCycle/MultiCycle.xpr
Scanning sources...
Finished scanning sources
WARNING: [Project 1-509] GeneratedRun file for 'synth_1' not found
WARNING: [Project 1-509] GeneratedRun file for 'impl_1' not found
INFO: [IP_Flow 19-234] Refreshing IP repositories
INFO: [IP_Flow 19-1704] No user IP repositories specified
INFO: [IP_Flow 19-2313] Loaded Vivado IP repository 'D:/Xilinx/Vivado/2018.2/data/ip'.
open_project: Time (s): cpu = 00:00:11 ; elapsed = 00:00:05 . Memory (MB): peak = 772.980 ; gain = 90.691
update_compile_order -fileset sources_1
exit
INFO: [Common 17-206] Exiting Vivado at Sun Mar 17 15:45:51 2019...
