#-----------------------------------------------------------
# Vivado v2018.2 (64-bit)
# SW Build 2258646 on Thu Jun 14 20:03:12 MDT 2018
# IP Build 2256618 on Thu Jun 14 22:10:49 MDT 2018
# Start of session at: Wed Feb 20 20:21:50 2019
# Process ID: 4424
# Current directory: C:/Users/User/Desktop/Lab4
# Command line: vivado.exe -gui_launcher_event rodinguilauncherevent6932 C:\Users\User\Desktop\Lab4\Lab4.xpr
# Log file: C:/Users/User/Desktop/Lab4/vivado.log
# Journal file: C:/Users/User/Desktop/Lab4\vivado.jou
#-----------------------------------------------------------
start_gui
open_project C:/Users/User/Desktop/Lab4/Lab4.xpr
INFO: [Project 1-313] Project file moved from 'C:/Users/chormoz/Downloads/Lab4' since last save.
Scanning sources...
Finished scanning sources
INFO: [Project 1-230] Project 'Lab4.xpr' upgraded for this version of Vivado.
INFO: [IP_Flow 19-234] Refreshing IP repositories
INFO: [IP_Flow 19-1704] No user IP repositories specified
INFO: [IP_Flow 19-2313] Loaded Vivado IP repository 'D:/Xilinx/Vivado/2018.2/data/ip'.
open_project: Time (s): cpu = 00:00:11 ; elapsed = 00:00:07 . Memory (MB): peak = 815.250 ; gain = 82.141
update_compile_order -fileset sources_1
archive_project C:/Users/User/Desktop/Lab4.xpr.zip -temp_dir C:/Users/User/Desktop/Lab4/.Xil/Vivado-4424-DESKTOP-JGTAFQF -force -include_local_ip_cache
INFO: [Coretcl 2-137] starting archive...
INFO: [Coretcl 2-1499] Saving project copy to temporary location 'C:/Users/User/Desktop/Lab4/.Xil/Vivado-4424-DESKTOP-JGTAFQF' for archiving project
Scanning sources...
Finished scanning sources
INFO: [Coretcl 2-1211] Creating project copy for archival...
INFO: [Coretcl 2-1213] Including run results for 'synth_1'
INFO: [Coretcl 2-1213] Including run results for 'impl_1'
INFO: [Coretcl 2-1212] Importing remotely added design sources and verilog include files (if any)...
INFO: [filemgmt 20-348] Importing the appropriate files for fileset: 'constrs_1'
INFO: [filemgmt 20-334] All file(s) are already imported in fileset: 'sim_1'
INFO: [filemgmt 20-348] Importing the appropriate files for fileset: 'sim_1'
INFO: [filemgmt 20-334] All file(s) are already imported in fileset: 'sources_1'
INFO: [filemgmt 20-348] Importing the appropriate files for fileset: 'sources_1'
INFO: [Coretcl 2-1209] Adding archive summary file to the project...
INFO: [Coretcl 2-1214] Preparing project files for archive...
INFO: [Coretcl 2-1210] Compressing project files and data...
INFO: [Coretcl 2-1215] Project archived (C:/Users/User/Desktop/Lab4.xpr.zip)
INFO: [Coretcl 2-1216] To view the archive summary log in GUI, double click on 'Design Sources->Text->archive_project_summary.txt', or open this file from the archived project directory.
reset_run synth_1
INFO: [Common 17-41] Interrupt caught. Command should exit soon.
WARNING: [Vivado 12-1017] Problems encountered:
1. Process appears to be on host 'ENG-E207PC19' and cannot be killed from host 'DESKTOP-JGTAFQF'
2. Process appears to be on host 'ENG-E207PC19' and cannot be killed from host 'DESKTOP-JGTAFQF'

INFO: [Common 17-344] 'reset_run' was cancelled
exit
INFO: [Common 17-206] Exiting Vivado at Wed Feb 20 20:30:05 2019...
