#-----------------------------------------------------------
# Vivado v2018.2 (64-bit)
# SW Build 2258646 on Thu Jun 14 20:03:12 MDT 2018
# IP Build 2256618 on Thu Jun 14 22:10:49 MDT 2018
# Start of session at: Wed Feb 13 21:31:13 2019
# Process ID: 11440
# Current directory: C:/Users/User/Desktop/Lab3
# Command line: vivado.exe -gui_launcher_event rodinguilauncherevent7828 C:\Users\User\Desktop\Lab3\Lab3.xpr
# Log file: C:/Users/User/Desktop/Lab3/vivado.log
# Journal file: C:/Users/User/Desktop/Lab3\vivado.jou
#-----------------------------------------------------------
start_gui
open_project C:/Users/User/Desktop/Lab3/Lab3.xpr
Scanning sources...
Finished scanning sources
INFO: [IP_Flow 19-234] Refreshing IP repositories
INFO: [IP_Flow 19-1704] No user IP repositories specified
INFO: [IP_Flow 19-2313] Loaded Vivado IP repository 'D:/Xilinx/Vivado/2018.2/data/ip'.
open_project: Time (s): cpu = 00:00:14 ; elapsed = 00:00:09 . Memory (MB): peak = 797.379 ; gain = 92.207
update_compile_order -fileset sources_1
archive_project C:/Users/User/Desktop/Lab3.xpr.zip -temp_dir C:/Users/User/Desktop/Lab3/.Xil/Vivado-11440-DESKTOP-JGTAFQF -force -include_local_ip_cache
INFO: [Coretcl 2-137] starting archive...
INFO: [Coretcl 2-1499] Saving project copy to temporary location 'C:/Users/User/Desktop/Lab3/.Xil/Vivado-11440-DESKTOP-JGTAFQF' for archiving project
Scanning sources...
Finished scanning sources
INFO: [Coretcl 2-1211] Creating project copy for archival...
INFO: [Coretcl 2-1213] Including run results for 'synth_1'
INFO: [Coretcl 2-1213] Including run results for 'impl_1'
INFO: [Coretcl 2-1212] Importing remotely added design sources and verilog include files (if any)...
INFO: [filemgmt 20-348] Importing the appropriate files for fileset: 'constrs_1'
INFO: [filemgmt 20-334] All file(s) are already imported in fileset: 'sources_1'
INFO: [filemgmt 20-348] Importing the appropriate files for fileset: 'sources_1'
INFO: [Coretcl 2-1209] Adding archive summary file to the project...
INFO: [Coretcl 2-1214] Preparing project files for archive...
INFO: [Coretcl 2-1210] Compressing project files and data...
INFO: [Coretcl 2-1215] Project archived (C:/Users/User/Desktop/Lab3.xpr.zip)
INFO: [Coretcl 2-1216] To view the archive summary log in GUI, double click on 'Design Sources->Text->archive_project_summary.txt', or open this file from the archived project directory.
exit
INFO: [Common 17-206] Exiting Vivado at Wed Feb 13 21:43:19 2019...
